Using pre-set license
Built from '2021.3/staging' branch; Version is '2021.3.22f1 (b6c551784ba3) revision 11978065'; Using compiler version '192829333'; Build Type 'Release'
OS: 'Windows 10  (10.0.19045) 64bit CoreSingleLanguage' Language: 'en' Physical Memory: 7885 MB
BatchMode: 1, IsHumanControllingUs: 0, StartBugReporterOnCrash: 0, Is64bit: 1, IsPro: 1

COMMAND LINE ARGUMENTS:
C:\Program Files\Unity\Hub\Editor\2021.3.22f1\Editor\Unity.exe
-adb2
-batchMode
-noUpm
-name
AssetImportWorker1
-projectPath
C:/Users/ASUS/Rock Papper Scissor
-logFile
Logs/AssetImportWorker1.log
-srvPort
50932
Successfully changed project path to: C:/Users/ASUS/Rock Papper Scissor
C:/Users/ASUS/Rock Papper Scissor
[UnityMemory] Configuration Parameters - Can be set up in boot.config
    "memorysetup-bucket-allocator-granularity=16"
    "memorysetup-bucket-allocator-bucket-count=8"
    "memorysetup-bucket-allocator-block-size=33554432"
    "memorysetup-bucket-allocator-block-count=8"
    "memorysetup-main-allocator-block-size=16777216"
    "memorysetup-thread-allocator-block-size=16777216"
    "memorysetup-gfx-main-allocator-block-size=16777216"
    "memorysetup-gfx-thread-allocator-block-size=16777216"
    "memorysetup-cache-allocator-block-size=4194304"
    "memorysetup-typetree-allocator-block-size=2097152"
    "memorysetup-profiler-bucket-allocator-granularity=16"
    "memorysetup-profiler-bucket-allocator-bucket-count=8"
    "memorysetup-profiler-bucket-allocator-block-size=33554432"
    "memorysetup-profiler-bucket-allocator-block-count=8"
    "memorysetup-profiler-allocator-block-size=16777216"
    "memorysetup-profiler-editor-allocator-block-size=1048576"
    "memorysetup-temp-allocator-size-main=16777216"
    "memorysetup-job-temp-allocator-block-size=2097152"
    "memorysetup-job-temp-allocator-block-size-background=1048576"
    "memorysetup-job-temp-allocator-reduction-small-platforms=262144"
    "memorysetup-temp-allocator-size-background-worker=32768"
    "memorysetup-temp-allocator-size-job-worker=262144"
    "memorysetup-temp-allocator-size-preload-manager=33554432"
    "memorysetup-temp-allocator-size-nav-mesh-worker=65536"
    "memorysetup-temp-allocator-size-audio-worker=65536"
    "memorysetup-temp-allocator-size-cloud-worker=32768"
    "memorysetup-temp-allocator-size-gi-baking-worker=262144"
    "memorysetup-temp-allocator-size-gfx=262144"
Player connection [1572] Host "[IP] 192.168.1.9 [Port] 0 [Flags] 2 [Guid] 3800822984 [EditorId] 3800822984 [Version] 1048832 [Id] WindowsEditor(7,LAPTOP-DOCK1TDM) [Debug] 1 [PackageName] WindowsEditor [ProjectName] Editor" joined multi-casting on [225.0.0.222:54997]...

Player connection [1572] Host "[IP] 192.168.1.9 [Port] 0 [Flags] 2 [Guid] 3800822984 [EditorId] 3800822984 [Version] 1048832 [Id] WindowsEditor(7,LAPTOP-DOCK1TDM) [Debug] 1 [PackageName] WindowsEditor [ProjectName] Editor" joined alternative multi-casting on [225.0.0.222:34997]...

Refreshing native plugins compatible for Editor in 306.50 ms, found 3 plugins.
Preloading 0 native plugins for Editor in 0.00 ms.
Initialize engine version: 2021.3.22f1 (b6c551784ba3)
[Subsystems] Discovering subsystems at path C:/Program Files/Unity/Hub/Editor/2021.3.22f1/Editor/Data/Resources/UnitySubsystems
[Subsystems] Discovering subsystems at path C:/Users/ASUS/Rock Papper Scissor/Assets
GfxDevice: creating device client; threaded=0; jobified=0
Direct3D:
    Version:  Direct3D 11.0 [level 11.1]
    Renderer: Intel(R) Iris(R) Xe Graphics (ID=0x9a49)
    Vendor:   Intel
    VRAM:     3942 MB
    Driver:   30.0.101.1404
Initialize mono
Mono path[0] = 'C:/Program Files/Unity/Hub/Editor/2021.3.22f1/Editor/Data/Managed'
Mono path[1] = 'C:/Program Files/Unity/Hub/Editor/2021.3.22f1/Editor/Data/MonoBleedingEdge/lib/mono/unityjit-win32'
Mono config path = 'C:/Program Files/Unity/Hub/Editor/2021.3.22f1/Editor/Data/MonoBleedingEdge/etc'
Using monoOptions --debugger-agent=transport=dt_socket,embedding=1,server=y,suspend=n,address=127.0.0.1:56520
Begin MonoManager ReloadAssembly
Registering precompiled unity dll's ...
Register platform support module: C:/Program Files/Unity/Hub/Editor/2021.3.22f1/Editor/Data/PlaybackEngines/WindowsStandaloneSupport/UnityEditor.WindowsStandalone.Extensions.dll
Registered in 0.026338 seconds.
Native extension for WindowsStandalone target not found
Refreshing native plugins compatible for Editor in 249.18 ms, found 3 plugins.
Preloading 0 native plugins for Editor in 0.00 ms.
Mono: successfully reloaded assembly
- Completed reload, in  1.961 seconds
Domain Reload Profiling:
	ReloadAssembly (1964ms)
		BeginReloadAssembly (278ms)
			ExecutionOrderSort (0ms)
			DisableScriptedObjects (0ms)
			BackupInstance (0ms)
			ReleaseScriptingObjects (0ms)
			CreateAndSetChildDomain (1ms)
		EndReloadAssembly (1338ms)
			LoadAssemblies (273ms)
			RebuildTransferFunctionScriptingTraits (0ms)
			SetupTypeCache (333ms)
			ReleaseScriptCaches (0ms)
			RebuildScriptCaches (83ms)
			SetupLoadedEditorAssemblies (766ms)
				LogAssemblyErrors (0ms)
				InitializePlatformSupportModulesInManaged (25ms)
				SetLoadedEditorAssemblies (1ms)
				RefreshPlugins (249ms)
				BeforeProcessingInitializeOnLoad (3ms)
				ProcessInitializeOnLoadAttributes (368ms)
				ProcessInitializeOnLoadMethodAttributes (120ms)
				AfterProcessingInitializeOnLoad (0ms)
				EditorAssembliesLoaded (0ms)
			ExecutionOrderSort2 (0ms)
			AwakeInstancesAfterBackupRestoration (0ms)
Platform modules already initialized, skipping
Registering precompiled user dll's ...
Registered in 0.023865 seconds.
Begin MonoManager ReloadAssembly
Symbol file LoadedFromMemory doesn't match image C:\Users\ASUS\Rock Papper Scissor\Library\PackageCache\com.unity.visualscripting@1.8.0\Editor\VisualScripting.Core\Dependencies\YamlDotNet\Unity.VisualScripting.YamlDotNet.dll
Symbol file LoadedFromMemory doesn't match image C:\Users\ASUS\Rock Papper Scissor\Library\PackageCache\com.unity.visualscripting@1.8.0\Editor\VisualScripting.Core\Dependencies\DotNetZip\Unity.VisualScripting.IonicZip.dll
Native extension for WindowsStandalone target not found
Refreshing native plugins compatible for Editor in 0.95 ms, found 3 plugins.
Preloading 0 native plugins for Editor in 0.00 ms.
Mono: successfully reloaded assembly
- Completed reload, in  3.334 seconds
Domain Reload Profiling:
	ReloadAssembly (3337ms)
		BeginReloadAssembly (384ms)
			ExecutionOrderSort (0ms)
			DisableScriptedObjects (17ms)
			BackupInstance (0ms)
			ReleaseScriptingObjects (0ms)
			CreateAndSetChildDomain (56ms)
		EndReloadAssembly (2572ms)
			LoadAssemblies (304ms)
			RebuildTransferFunctionScriptingTraits (0ms)
			SetupTypeCache (844ms)
			ReleaseScriptCaches (2ms)
			RebuildScriptCaches (194ms)
			SetupLoadedEditorAssemblies (1140ms)
				LogAssemblyErrors (0ms)
				InitializePlatformSupportModulesInManaged (20ms)
				SetLoadedEditorAssemblies (2ms)
				RefreshPlugins (1ms)
				BeforeProcessingInitializeOnLoad (283ms)
				ProcessInitializeOnLoadAttributes (726ms)
				ProcessInitializeOnLoadMethodAttributes (79ms)
				AfterProcessingInitializeOnLoad (28ms)
				EditorAssembliesLoaded (0ms)
			ExecutionOrderSort2 (0ms)
			AwakeInstancesAfterBackupRestoration (22ms)
Platform modules already initialized, skipping
========================================================================
Worker process is ready to serve import requests
Launched and connected shader compiler UnityShaderCompiler.exe after 0.12 seconds
Refreshing native plugins compatible for Editor in 0.94 ms, found 3 plugins.
Preloading 0 native plugins for Editor in 0.00 ms.
Unloading 3164 Unused Serialized files (Serialized files now loaded: 0)
Unloading 30 unused Assets / (113.6 KB). Loaded Objects now: 3632.
Memory consumption went from 113.1 MB to 113.0 MB.
Total: 3.975200 ms (FindLiveObjects: 0.302700 ms CreateObjectMapping: 0.127600 ms MarkObjects: 3.385400 ms  DeleteObjects: 0.157700 ms)

AssetImportParameters requested are different than current active one (requested -> active):
  custom:video-decoder-ogg-theora: a1e56fd34408186e4bbccfd4996cb3dc -> 
  custom:container-muxer-webm: aa71ff27fc2769a1b78a27578f13a17b -> 
  custom:container-demuxer-webm: 4f35f7cbe854078d1ac9338744f61a02 -> 
  custom:video-encoder-webm-vp8: eb34c28f22e8b96e1ab97ce403110664 -> 
  custom:audio-encoder-webm-vorbis: bf7c407c2cedff20999df2af8eb42d56 -> 
  custom:framework-win-MediaFoundation: 216162199b28c13a410421893ffa2e32 -> 
  custom:container-demuxer-ogg: 62fdf1f143b41e24485cea50d1cbac27 -> 
  custom:video-decoder-webm-vp8: 9c59270c3fd7afecdb556c50c9e8de78 -> 
  custom:audio-decoder-ogg-vorbis: bf7c407c2cedff20999df2af8eb42d56 -> 
========================================================================
Received Import Request.
  Time since last request: 25877.666340 seconds.
  path: Assets/2D Background Kit/Texture/World/Winter/Decoration/MuñecoNieve.png
  artifactKey: Guid(9d7a969c1b013b74b965f70b827a13d5) Importer(815301076,1909f56bfc062723c751e8b465ee728b)
Start importing Assets/2D Background Kit/Texture/World/Winter/Decoration/MuñecoNieve.png using Guid(9d7a969c1b013b74b965f70b827a13d5) Importer(815301076,1909f56bfc062723c751e8b465ee728b)  -> (artifact id: '5fdd8d7fcf7fef6e100954d8654ef632') in 0.406152 seconds 
========================================================================
Received Import Request.
  Time since last request: 0.000059 seconds.
  path: Assets/Free 2D Adventure Beach Pack/day-backgrounds/beach-cloud-01.png
  artifactKey: Guid(b928bb9af722d604a8c961b6e15e4885) Importer(815301076,1909f56bfc062723c751e8b465ee728b)
Start importing Assets/Free 2D Adventure Beach Pack/day-backgrounds/beach-cloud-01.png using Guid(b928bb9af722d604a8c961b6e15e4885) Importer(815301076,1909f56bfc062723c751e8b465ee728b)  -> (artifact id: '6df4a4d64810a08341387392a56f1a13') in 0.104340 seconds 
========================================================================
Received Import Request.
  Time since last request: 0.000061 seconds.
  path: Assets/2D Background Kit/Texture/World/Spring/Decoration/huevo.png
  artifactKey: Guid(8b2f871c42e3e104e94e1ed5be254e3c) Importer(815301076,1909f56bfc062723c751e8b465ee728b)
Start importing Assets/2D Background Kit/Texture/World/Spring/Decoration/huevo.png using Guid(8b2f871c42e3e104e94e1ed5be254e3c) Importer(815301076,1909f56bfc062723c751e8b465ee728b)  -> (artifact id: '5b6eca8dd2d1e5b96196e02a7ab371a9') in 0.051630 seconds 
========================================================================
Received Import Request.
  Time since last request: 0.000035 seconds.
  path: Assets/2D Background Kit/Texture/Effects/RainFlower_02.png
  artifactKey: Guid(a37c783b1ab6a7c4abdec527ac9b7bb3) Importer(815301076,1909f56bfc062723c751e8b465ee728b)
Start importing Assets/2D Background Kit/Texture/Effects/RainFlower_02.png using Guid(a37c783b1ab6a7c4abdec527ac9b7bb3) Importer(815301076,1909f56bfc062723c751e8b465ee728b)  -> (artifact id: 'b501a691788a67976828227cdc444210') in 0.036643 seconds 
========================================================================
Received Import Request.
  Time since last request: 0.000039 seconds.
  path: Assets/2D Background Kit/Texture/World/Spring/World 1/Bloque_3.png
  artifactKey: Guid(69a76c216ddea6845bca29e5ef224670) Importer(815301076,1909f56bfc062723c751e8b465ee728b)
Start importing Assets/2D Background Kit/Texture/World/Spring/World 1/Bloque_3.png using Guid(69a76c216ddea6845bca29e5ef224670) Importer(815301076,1909f56bfc062723c751e8b465ee728b)  -> (artifact id: '07f0ed3191429e40d330f29cbd38c0fd') in 0.049491 seconds 
========================================================================
Received Import Request.
  Time since last request: 0.000039 seconds.
  path: Assets/Free 2D Adventure Beach Pack/day-backgrounds/sea.png
  artifactKey: Guid(4e58f37568590424c84e23ed57de844f) Importer(815301076,1909f56bfc062723c751e8b465ee728b)
Start importing Assets/Free 2D Adventure Beach Pack/day-backgrounds/sea.png using Guid(4e58f37568590424c84e23ed57de844f) Importer(815301076,1909f56bfc062723c751e8b465ee728b)  -> (artifact id: '47036df5033fed6e1a4cd52fa2c75f47') in 0.127477 seconds 
========================================================================
Received Import Request.
  Time since last request: 0.000040 seconds.
  path: Assets/2D Background Kit/Texture/World/Winter/Decoration/Pinguino.png
  artifactKey: Guid(2f4d21bbf74c3ad44a4f8497ce402a88) Importer(815301076,1909f56bfc062723c751e8b465ee728b)
Start importing Assets/2D Background Kit/Texture/World/Winter/Decoration/Pinguino.png using Guid(2f4d21bbf74c3ad44a4f8497ce402a88) Importer(815301076,1909f56bfc062723c751e8b465ee728b)  -> (artifact id: '4426e6aebdef3b5b81832efdfe8b3b8f') in 0.044885 seconds 
========================================================================
Received Import Request.
  Time since last request: 0.000067 seconds.
  path: Assets/2D Background Kit/PSD/Decoration.psd
  artifactKey: Guid(05c64ef4548e9a8459a46a9b2ebe138e) Importer(815301076,1909f56bfc062723c751e8b465ee728b)
Start importing Assets/2D Background Kit/PSD/Decoration.psd using Guid(05c64ef4548e9a8459a46a9b2ebe138e) Importer(815301076,1909f56bfc062723c751e8b465ee728b)  -> (artifact id: '30a00995cd1b5da2058af3adf066e126') in 0.053843 seconds 
========================================================================
Received Import Request.
  Time since last request: 0.000034 seconds.
  path: Assets/Free 2D Adventure Beach Pack/sunset-backgrounds/sunset-wave-01.png
  artifactKey: Guid(cef95f086fda84140b17040b5aee84c6) Importer(815301076,1909f56bfc062723c751e8b465ee728b)
Start importing Assets/Free 2D Adventure Beach Pack/sunset-backgrounds/sunset-wave-01.png using Guid(cef95f086fda84140b17040b5aee84c6) Importer(815301076,1909f56bfc062723c751e8b465ee728b)  -> (artifact id: '7ce55a17af3af4a80261c1121c772522') in 0.362888 seconds 
========================================================================
Received Import Request.
  Time since last request: 0.000058 seconds.
  path: Assets/2D Background Kit/Texture/World/Winter/World 3/Bloque_3Nieve_2.png
  artifactKey: Guid(61fd619a7ecbe1a4c8f717b296453d0f) Importer(815301076,1909f56bfc062723c751e8b465ee728b)
Start importing Assets/2D Background Kit/Texture/World/Winter/World 3/Bloque_3Nieve_2.png using Guid(61fd619a7ecbe1a4c8f717b296453d0f) Importer(815301076,1909f56bfc062723c751e8b465ee728b)  -> (artifact id: '2f174651aeec5b3906832a6b3d2ebe48') in 0.044832 seconds 
========================================================================
Received Import Request.
  Time since last request: 0.000092 seconds.
  path: Assets/Free 2D Adventure Beach Pack/sunset-backgrounds/sunset-beach-sky.png
  artifactKey: Guid(77aaa989fb436984f88203f41e3010c9) Importer(815301076,1909f56bfc062723c751e8b465ee728b)
Start importing Assets/Free 2D Adventure Beach Pack/sunset-backgrounds/sunset-beach-sky.png using Guid(77aaa989fb436984f88203f41e3010c9) Importer(815301076,1909f56bfc062723c751e8b465ee728b)  -> (artifact id: '91e975d938ccd5fc62735666a417fbaf') in 0.852854 seconds 
========================================================================
Received Import Request.
  Time since last request: 0.000333 seconds.
  path: Assets/2D Background Kit/Texture/World/Spring/World 3/Bloque_1_3.png
  artifactKey: Guid(d0513d9f66319d947b1c31282dac4a65) Importer(815301076,1909f56bfc062723c751e8b465ee728b)
Start importing Assets/2D Background Kit/Texture/World/Spring/World 3/Bloque_1_3.png using Guid(d0513d9f66319d947b1c31282dac4a65) Importer(815301076,1909f56bfc062723c751e8b465ee728b)  -> (artifact id: '7862dba232c2b80b9a59ab0a2d6df38d') in 0.112233 seconds 
========================================================================
Received Import Request.
  Time since last request: 0.000218 seconds.
  path: Assets/2D Background Kit/PSD/Block.psd
  artifactKey: Guid(b4a3f28465bbb514f88872a8e0ff9789) Importer(815301076,1909f56bfc062723c751e8b465ee728b)
Start importing Assets/2D Background Kit/PSD/Block.psd using Guid(b4a3f28465bbb514f88872a8e0ff9789) Importer(815301076,1909f56bfc062723c751e8b465ee728b)  -> (artifact id: '8cd73b244a38eb1d49f051d0bf441d31') in 0.054241 seconds 
========================================================================
Received Import Request.
  Time since last request: 0.000085 seconds.
  path: Assets/2D Background Kit/Texture/World/Winter/Decoration/ArbolNieve02.png
  artifactKey: Guid(6673b33e886d7124e9ad208f8442166b) Importer(815301076,1909f56bfc062723c751e8b465ee728b)
Start importing Assets/2D Background Kit/Texture/World/Winter/Decoration/ArbolNieve02.png using Guid(6673b33e886d7124e9ad208f8442166b) Importer(815301076,1909f56bfc062723c751e8b465ee728b)  -> (artifact id: '0cfa26a23cb2c70e525c1bc476115fc9') in 0.055306 seconds 
========================================================================
Received Import Request.
  Time since last request: 0.000049 seconds.
  path: Assets/Free 2D Adventure Beach Pack/sunset-backgrounds/sunset-beach-cloud-03.png
  artifactKey: Guid(e4ecc41854fd60443a31fe65d8013f71) Importer(815301076,1909f56bfc062723c751e8b465ee728b)
Start importing Assets/Free 2D Adventure Beach Pack/sunset-backgrounds/sunset-beach-cloud-03.png using Guid(e4ecc41854fd60443a31fe65d8013f71) Importer(815301076,1909f56bfc062723c751e8b465ee728b)  -> (artifact id: '6dc761acb6b870c37d9c7601b84ec429') in 0.146738 seconds 
========================================================================
Received Import Request.
  Time since last request: 0.000401 seconds.
  path: Assets/2D Background Kit/Texture/Effects/RainFlower_01.png
  artifactKey: Guid(952897751dc3f4f45b9851d474a36bba) Importer(815301076,1909f56bfc062723c751e8b465ee728b)
Start importing Assets/2D Background Kit/Texture/Effects/RainFlower_01.png using Guid(952897751dc3f4f45b9851d474a36bba) Importer(815301076,1909f56bfc062723c751e8b465ee728b)  -> (artifact id: '9ead101466c6fb255ec61d01ade337e1') in 0.225862 seconds 
========================================================================
Received Import Request.
  Time since last request: 0.004330 seconds.
  path: Assets/2D Background Kit/Texture/World/Winter/World 4/Bloque_4Nieve_3.png
  artifactKey: Guid(1e20c290bd217ae4a93c49f72e3e045f) Importer(815301076,1909f56bfc062723c751e8b465ee728b)
Start importing Assets/2D Background Kit/Texture/World/Winter/World 4/Bloque_4Nieve_3.png using Guid(1e20c290bd217ae4a93c49f72e3e045f) Importer(815301076,1909f56bfc062723c751e8b465ee728b)  -> (artifact id: 'ec28f5267a212c1212590f2b6e035e12') in 0.117073 seconds 
========================================================================
Received Import Request.
  Time since last request: 0.000068 seconds.
  path: Assets/2D Background Kit/Texture/World/Spring/Decoration/Flor_2.png
  artifactKey: Guid(c92be7392d9ba9a488edff5df97f539d) Importer(815301076,1909f56bfc062723c751e8b465ee728b)
Start importing Assets/2D Background Kit/Texture/World/Spring/Decoration/Flor_2.png using Guid(c92be7392d9ba9a488edff5df97f539d) Importer(815301076,1909f56bfc062723c751e8b465ee728b)  -> (artifact id: '5b13ec0b4e3f32a26fabe177c2436eda') in 0.278527 seconds 
========================================================================
Received Import Request.
  Time since last request: 0.001023 seconds.
  path: Assets/Free 2D Adventure Beach Pack/sunset-backgrounds/sunset-beach-cloud-01.png
  artifactKey: Guid(8aed4928e775b05458e7c052024c5b57) Importer(815301076,1909f56bfc062723c751e8b465ee728b)
Start importing Assets/Free 2D Adventure Beach Pack/sunset-backgrounds/sunset-beach-cloud-01.png using Guid(8aed4928e775b05458e7c052024c5b57) Importer(815301076,1909f56bfc062723c751e8b465ee728b)  -> (artifact id: '4c9c6f7fb5129d439ac234f80d247a52') in 0.238755 seconds 
========================================================================
Received Import Request.
  Time since last request: 0.000996 seconds.
  path: Assets/2D Background Kit/Texture/World/Spring/World 4/Bloque_1_4.png
  artifactKey: Guid(dfe30991bf9ae6a419d5890d7ac11eaf) Importer(815301076,1909f56bfc062723c751e8b465ee728b)
Start importing Assets/2D Background Kit/Texture/World/Spring/World 4/Bloque_1_4.png using Guid(dfe30991bf9ae6a419d5890d7ac11eaf) Importer(815301076,1909f56bfc062723c751e8b465ee728b)  -> (artifact id: '15949a4dd15fa520751168057f7329e6') in 0.154154 seconds 
========================================================================
Received Import Request.
  Time since last request: 0.011495 seconds.
  path: Assets/Free 2D Adventure Beach Pack/night-backgrounds/night-beach-mountain-01.png
  artifactKey: Guid(000d1e68df8142e429f77f7e8f69e138) Importer(815301076,1909f56bfc062723c751e8b465ee728b)
Start importing Assets/Free 2D Adventure Beach Pack/night-backgrounds/night-beach-mountain-01.png using Guid(000d1e68df8142e429f77f7e8f69e138) Importer(815301076,1909f56bfc062723c751e8b465ee728b)  -> (artifact id: 'a15e491f7bf6124d6961eef1319384a7') in 0.315156 seconds 
========================================================================
Received Import Request.
  Time since last request: 0.000540 seconds.
  path: Assets/Free 2D Adventure Beach Pack/night-backgrounds/night-beach-cloud-01.png
  artifactKey: Guid(4449ad5b30ffc8e4d8f6fb57caddc264) Importer(815301076,1909f56bfc062723c751e8b465ee728b)
Start importing Assets/Free 2D Adventure Beach Pack/night-backgrounds/night-beach-cloud-01.png using Guid(4449ad5b30ffc8e4d8f6fb57caddc264) Importer(815301076,1909f56bfc062723c751e8b465ee728b)  -> (artifact id: '9dec87dbfca3fb205b5041b0f4077aae') in 0.118414 seconds 
========================================================================
Received Import Request.
  Time since last request: 0.000189 seconds.
  path: Assets/2D Background Kit/PSD/Player.psd
  artifactKey: Guid(1db99f78d45925b4e9c128b8584b16b8) Importer(815301076,1909f56bfc062723c751e8b465ee728b)
Start importing Assets/2D Background Kit/PSD/Player.psd using Guid(1db99f78d45925b4e9c128b8584b16b8) Importer(815301076,1909f56bfc062723c751e8b465ee728b)  -> (artifact id: '00476945bcb23f88ec10ffce475a9f11') in 0.053643 seconds 
========================================================================
Received Import Request.
  Time since last request: 0.000072 seconds.
  path: Assets/Free 2D Adventure Beach Pack/day-backgrounds/wave-01.png
  artifactKey: Guid(5d538a12cf3065a4e95980515de57a8c) Importer(815301076,1909f56bfc062723c751e8b465ee728b)
Start importing Assets/Free 2D Adventure Beach Pack/day-backgrounds/wave-01.png using Guid(5d538a12cf3065a4e95980515de57a8c) Importer(815301076,1909f56bfc062723c751e8b465ee728b)  -> (artifact id: 'f724f48a907a39225d36c6fa43827b47') in 0.367347 seconds 
========================================================================
Received Import Request.
  Time since last request: 0.000077 seconds.
  path: Assets/2D Background Kit/Texture/World/Spring/Decoration/Gallina.png
  artifactKey: Guid(32a56b5fa2b25d54cae3ddbd3392947b) Importer(815301076,1909f56bfc062723c751e8b465ee728b)
Start importing Assets/2D Background Kit/Texture/World/Spring/Decoration/Gallina.png using Guid(32a56b5fa2b25d54cae3ddbd3392947b) Importer(815301076,1909f56bfc062723c751e8b465ee728b)  -> (artifact id: '669470351cc66c84c46f7dd970d32e68') in 0.068420 seconds 
========================================================================
Received Import Request.
  Time since last request: 0.000048 seconds.
  path: Assets/2D Background Kit/Texture/World/Spring/Decoration/Gatodeco.png
  artifactKey: Guid(6de33a97bf341f0488981916e64db032) Importer(815301076,1909f56bfc062723c751e8b465ee728b)
Start importing Assets/2D Background Kit/Texture/World/Spring/Decoration/Gatodeco.png using Guid(6de33a97bf341f0488981916e64db032) Importer(815301076,1909f56bfc062723c751e8b465ee728b)  -> (artifact id: '1c15ddc66e798d27871fc7a2a27357fb') in 0.052814 seconds 
========================================================================
Received Import Request.
  Time since last request: 0.000059 seconds.
  path: Assets/2D Background Kit/Texture/World/Spring/World 4/Bloque_3_4.png
  artifactKey: Guid(8863cc0f46e59e5409c66d19b193a9fe) Importer(815301076,1909f56bfc062723c751e8b465ee728b)
Start importing Assets/2D Background Kit/Texture/World/Spring/World 4/Bloque_3_4.png using Guid(8863cc0f46e59e5409c66d19b193a9fe) Importer(815301076,1909f56bfc062723c751e8b465ee728b)  -> (artifact id: '2ed93961a44099f935aa419583010600') in 0.048365 seconds 
========================================================================
Received Import Request.
  Time since last request: 0.000042 seconds.
  path: Assets/2D Background Kit/Texture/World/Spring/World 4/Bloque_2_4.png
  artifactKey: Guid(b077f97baed5085459ee7144c4e55274) Importer(815301076,1909f56bfc062723c751e8b465ee728b)
Start importing Assets/2D Background Kit/Texture/World/Spring/World 4/Bloque_2_4.png using Guid(b077f97baed5085459ee7144c4e55274) Importer(815301076,1909f56bfc062723c751e8b465ee728b)  -> (artifact id: 'd49c42bef5f47ced46414e27beb276ae') in 0.055892 seconds 
========================================================================
Received Import Request.
  Time since last request: 0.000060 seconds.
  path: Assets/Free 2D Adventure Beach Pack/night-backgrounds/night-beach-cloud-03.png
  artifactKey: Guid(ba408030391c931409638bae4715dfae) Importer(815301076,1909f56bfc062723c751e8b465ee728b)
Start importing Assets/Free 2D Adventure Beach Pack/night-backgrounds/night-beach-cloud-03.png using Guid(ba408030391c931409638bae4715dfae) Importer(815301076,1909f56bfc062723c751e8b465ee728b)  -> (artifact id: 'a5c7193ea61da8c9f52cbab83de72a8c') in 0.087679 seconds 
========================================================================
Received Prepare
Registering precompiled user dll's ...
Registered in 0.020678 seconds.
Begin MonoManager ReloadAssembly
Symbol file LoadedFromMemory doesn't match image C:\Users\ASUS\Rock Papper Scissor\Library\PackageCache\com.unity.visualscripting@1.8.0\Editor\VisualScripting.Core\Dependencies\YamlDotNet\Unity.VisualScripting.YamlDotNet.dll
Symbol file LoadedFromMemory doesn't match image C:\Users\ASUS\Rock Papper Scissor\Library\PackageCache\com.unity.visualscripting@1.8.0\Editor\VisualScripting.Core\Dependencies\DotNetZip\Unity.VisualScripting.IonicZip.dll
Native extension for WindowsStandalone target not found
Refreshing native plugins compatible for Editor in 2.76 ms, found 3 plugins.
Preloading 0 native plugins for Editor in 0.00 ms.
Mono: successfully reloaded assembly
- Completed reload, in  7.781 seconds
Domain Reload Profiling:
	ReloadAssembly (7789ms)
		BeginReloadAssembly (808ms)
			ExecutionOrderSort (0ms)
			DisableScriptedObjects (33ms)
			BackupInstance (0ms)
			ReleaseScriptingObjects (0ms)
			CreateAndSetChildDomain (112ms)
		EndReloadAssembly (6195ms)
			LoadAssemblies (784ms)
			RebuildTransferFunctionScriptingTraits (1ms)
			SetupTypeCache (2511ms)
			ReleaseScriptCaches (8ms)
			RebuildScriptCaches (337ms)
			SetupLoadedEditorAssemblies (2233ms)
				LogAssemblyErrors (0ms)
				InitializePlatformSupportModulesInManaged (43ms)
				SetLoadedEditorAssemblies (6ms)
				RefreshPlugins (3ms)
				BeforeProcessingInitializeOnLoad (436ms)
				ProcessInitializeOnLoadAttributes (1461ms)
				ProcessInitializeOnLoadMethodAttributes (198ms)
				AfterProcessingInitializeOnLoad (84ms)
				EditorAssembliesLoaded (1ms)
			ExecutionOrderSort2 (0ms)
			AwakeInstancesAfterBackupRestoration (60ms)
Platform modules already initialized, skipping
Refreshing native plugins compatible for Editor in 11.92 ms, found 3 plugins.
Preloading 0 native plugins for Editor in 0.00 ms.
Unloading 3146 Unused Serialized files (Serialized files now loaded: 0)
Unloading 19 unused Assets / (80.2 KB). Loaded Objects now: 3693.
Memory consumption went from 116.1 MB to 116.0 MB.
Total: 22.274800 ms (FindLiveObjects: 1.025700 ms CreateObjectMapping: 1.717700 ms MarkObjects: 19.121800 ms  DeleteObjects: 0.404600 ms)

AssetImportParameters requested are different than current active one (requested -> active):
  custom:video-decoder-ogg-theora: a1e56fd34408186e4bbccfd4996cb3dc -> 
  custom:container-muxer-webm: aa71ff27fc2769a1b78a27578f13a17b -> 
  custom:container-demuxer-webm: 4f35f7cbe854078d1ac9338744f61a02 -> 
  custom:video-encoder-webm-vp8: eb34c28f22e8b96e1ab97ce403110664 -> 
  custom:audio-encoder-webm-vorbis: bf7c407c2cedff20999df2af8eb42d56 -> 
  custom:framework-win-MediaFoundation: 216162199b28c13a410421893ffa2e32 -> 
  custom:container-demuxer-ogg: 62fdf1f143b41e24485cea50d1cbac27 -> 
  custom:video-decoder-webm-vp8: 9c59270c3fd7afecdb556c50c9e8de78 -> 
  custom:audio-decoder-ogg-vorbis: bf7c407c2cedff20999df2af8eb42d56 -> 
